TN:
SF:/Users/Virginie/Workspace/camp2_exercises/03_backend_developement/10_promises/01_node_fetch/fetch_dkt_api.js
FN:8,fetchProductAndBrand
FN:11,(anonymous_1)
FN:15,(anonymous_2)
FN:19,(anonymous_3)
FN:22,(anonymous_4)
FN:26,(anonymous_5)
FN:30,(anonymous_6)
FNF:7
FNH:7
FNDA:3,fetchProductAndBrand
FNDA:3,(anonymous_1)
FNDA:2,(anonymous_2)
FNDA:2,(anonymous_3)
FNDA:2,(anonymous_4)
FNDA:2,(anonymous_5)
FNDA:1,(anonymous_6)
DA:1,1
DA:10,3
DA:12,3
DA:13,3
DA:16,2
DA:17,2
DA:20,2
DA:23,2
DA:24,2
DA:27,2
DA:28,2
DA:31,1
DA:32,1
DA:36,1
DA:37,1
DA:39,1
LF:16
LH:16
BRF:0
BRH:0
end_of_record
TN:
SF:/Users/Virginie/Workspace/camp2_exercises/03_backend_developement/10_promises/01_node_fetch/.__tests__/fetch_dkt_api.test.js
FN:8,(anonymous_0)
FN:12,(anonymous_1)
FN:18,(anonymous_2)
FN:21,(anonymous_3)
FNF:4
FNH:4
FNDA:1,(anonymous_0)
FNDA:1,(anonymous_1)
FNDA:1,(anonymous_2)
FNDA:1,(anonymous_3)
DA:1,1
DA:8,1
DA:9,1
DA:10,1
DA:11,1
DA:13,1
DA:14,1
DA:18,1
DA:19,1
DA:20,1
DA:22,1
LF:11
LH:11
BRF:0
BRH:0
end_of_record
