{"/Users/Virginie/Workspace/camp2_exercises/06_react_redux/01_es6_fundamentals/01_aquarium/01_aquarium.js": {"path":"/Users/Virginie/Workspace/camp2_exercises/06_react_redux/01_es6_fundamentals/01_aquarium/01_aquarium.js","statementMap":{"0":{"start":{"line":18,"column":4},"end":{"line":18,"column":21}},"1":{"start":{"line":19,"column":4},"end":{"line":19,"column":19}},"2":{"start":{"line":20,"column":4},"end":{"line":20,"column":21}},"3":{"start":{"line":26,"column":4},"end":{"line":26,"column":21}},"4":{"start":{"line":32,"column":4},"end":{"line":32,"column":23}},"5":{"start":{"line":33,"column":4},"end":{"line":33,"column":23}},"6":{"start":{"line":37,"column":4},"end":{"line":37,"column":27}},"7":{"start":{"line":41,"column":4},"end":{"line":41,"column":28}},"8":{"start":{"line":47,"column":4},"end":{"line":51,"column":5}},"9":{"start":{"line":49,"column":31},"end":{"line":49,"column":72}},"10":{"start":{"line":50,"column":6},"end":{"line":50,"column":40}},"11":{"start":{"line":52,"column":4},"end":{"line":52,"column":18}},"12":{"start":{"line":58,"column":4},"end":{"line":70,"column":5}},"13":{"start":{"line":60,"column":28},"end":{"line":60,"column":69}},"14":{"start":{"line":63,"column":6},"end":{"line":66,"column":7}},"15":{"start":{"line":64,"column":8},"end":{"line":65,"column":33}},"16":{"start":{"line":64,"column":28},"end":{"line":64,"column":46}},"17":{"start":{"line":65,"column":14},"end":{"line":65,"column":32}},"18":{"start":{"line":67,"column":6},"end":{"line":67,"column":39}},"19":{"start":{"line":69,"column":6},"end":{"line":69,"column":20}},"20":{"start":{"line":75,"column":4},"end":{"line":86,"column":7}},"21":{"start":{"line":78,"column":6},"end":{"line":80,"column":7}},"22":{"start":{"line":79,"column":8},"end":{"line":79,"column":60}},"23":{"start":{"line":83,"column":6},"end":{"line":85,"column":7}},"24":{"start":{"line":84,"column":8},"end":{"line":84,"column":73}},"25":{"start":{"line":88,"column":4},"end":{"line":88,"column":40}},"26":{"start":{"line":89,"column":4},"end":{"line":89,"column":38}},"27":{"start":{"line":90,"column":4},"end":{"line":90,"column":38}},"28":{"start":{"line":94,"column":13},"end":{"line":99,"column":1}},"29":{"start":{"line":101,"column":13},"end":{"line":106,"column":1}},"30":{"start":{"line":108,"column":19},"end":{"line":108,"column":46}},"31":{"start":{"line":110,"column":0},"end":{"line":110,"column":24}},"32":{"start":{"line":111,"column":0},"end":{"line":111,"column":21}},"33":{"start":{"line":112,"column":0},"end":{"line":112,"column":24}},"34":{"start":{"line":113,"column":0},"end":{"line":113,"column":21}},"35":{"start":{"line":115,"column":0},"end":{"line":115,"column":29}},"36":{"start":{"line":116,"column":15},"end":{"line":116,"column":46}},"37":{"start":{"line":117,"column":0},"end":{"line":117,"column":28}},"38":{"start":{"line":118,"column":0},"end":{"line":118,"column":30}},"39":{"start":{"line":120,"column":0},"end":{"line":120,"column":24}},"40":{"start":{"line":121,"column":0},"end":{"line":121,"column":21}},"41":{"start":{"line":124,"column":0},"end":{"line":128,"column":2}}},"fnMap":{"0":{"name":"(anonymous_0)","decl":{"start":{"line":17,"column":2},"end":{"line":17,"column":3}},"loc":{"start":{"line":17,"column":31},"end":{"line":21,"column":3}},"line":17},"1":{"name":"(anonymous_1)","decl":{"start":{"line":25,"column":2},"end":{"line":25,"column":3}},"loc":{"start":{"line":25,"column":20},"end":{"line":27,"column":3}},"line":25},"2":{"name":"(anonymous_2)","decl":{"start":{"line":31,"column":2},"end":{"line":31,"column":3}},"loc":{"start":{"line":31,"column":29},"end":{"line":34,"column":3}},"line":31},"3":{"name":"(anonymous_3)","decl":{"start":{"line":36,"column":2},"end":{"line":36,"column":3}},"loc":{"start":{"line":36,"column":16},"end":{"line":38,"column":3}},"line":36},"4":{"name":"(anonymous_4)","decl":{"start":{"line":40,"column":2},"end":{"line":40,"column":3}},"loc":{"start":{"line":40,"column":18},"end":{"line":42,"column":3}},"line":40},"5":{"name":"(anonymous_5)","decl":{"start":{"line":44,"column":2},"end":{"line":44,"column":3}},"loc":{"start":{"line":44,"column":31},"end":{"line":53,"column":3}},"line":44},"6":{"name":"(anonymous_6)","decl":{"start":{"line":55,"column":2},"end":{"line":55,"column":3}},"loc":{"start":{"line":55,"column":45},"end":{"line":71,"column":3}},"line":55},"7":{"name":"(anonymous_7)","decl":{"start":{"line":73,"column":2},"end":{"line":73,"column":3}},"loc":{"start":{"line":73,"column":12},"end":{"line":91,"column":3}},"line":73},"8":{"name":"(anonymous_8)","decl":{"start":{"line":75,"column":24},"end":{"line":75,"column":25}},"loc":{"start":{"line":75,"column":42},"end":{"line":86,"column":5}},"line":75}},"branchMap":{"0":{"loc":{"start":{"line":47,"column":4},"end":{"line":51,"column":5}},"type":"if","locations":[{"start":{"line":47,"column":4},"end":{"line":51,"column":5}},{"start":{"line":47,"column":4},"end":{"line":51,"column":5}}],"line":47},"1":{"loc":{"start":{"line":58,"column":4},"end":{"line":70,"column":5}},"type":"if","locations":[{"start":{"line":58,"column":4},"end":{"line":70,"column":5}},{"start":{"line":58,"column":4},"end":{"line":70,"column":5}}],"line":58},"2":{"loc":{"start":{"line":63,"column":6},"end":{"line":66,"column":7}},"type":"if","locations":[{"start":{"line":63,"column":6},"end":{"line":66,"column":7}},{"start":{"line":63,"column":6},"end":{"line":66,"column":7}}],"line":63},"3":{"loc":{"start":{"line":64,"column":8},"end":{"line":65,"column":33}},"type":"if","locations":[{"start":{"line":64,"column":8},"end":{"line":65,"column":33}},{"start":{"line":64,"column":8},"end":{"line":65,"column":33}}],"line":64},"4":{"loc":{"start":{"line":78,"column":6},"end":{"line":80,"column":7}},"type":"if","locations":[{"start":{"line":78,"column":6},"end":{"line":80,"column":7}},{"start":{"line":78,"column":6},"end":{"line":80,"column":7}}],"line":78},"5":{"loc":{"start":{"line":83,"column":6},"end":{"line":85,"column":7}},"type":"if","locations":[{"start":{"line":83,"column":6},"end":{"line":85,"column":7}},{"start":{"line":83,"column":6},"end":{"line":85,"column":7}}],"line":83}},"s":{"0":6,"1":6,"2":6,"3":3,"4":5,"5":5,"6":2,"7":1,"8":1,"9":1,"10":1,"11":1,"12":5,"13":5,"14":5,"15":3,"16":2,"17":1,"18":5,"19":5,"20":4,"21":6,"22":1,"23":6,"24":5,"25":4,"26":4,"27":4,"28":1,"29":1,"30":1,"31":1,"32":1,"33":1,"34":1,"35":1,"36":1,"37":1,"38":1,"39":1,"40":1,"41":1},"f":{"0":6,"1":3,"2":5,"3":2,"4":1,"5":1,"6":5,"7":4,"8":6},"b":{"0":[1,0],"1":[5,0],"2":[3,2],"3":[2,1],"4":[1,5],"5":[5,1]},"_coverageSchema":"332fd63041d2c1bcb487cc26dd0d5f7d97098a6c","hash":"afaaf8aab30ad8eabb186f3635b76964297cd37c"}
}
