TN:
SF:/Users/Virginie/Workspace/camp2_exercises/06_react_redux/01_es6_fundamentals/01_aquarium/01_aquarium.js
FN:17,(anonymous_0)
FN:25,(anonymous_1)
FN:31,(anonymous_2)
FN:36,(anonymous_3)
FN:40,(anonymous_4)
FN:44,(anonymous_5)
FN:55,(anonymous_6)
FN:73,(anonymous_7)
FN:75,(anonymous_8)
FNF:9
FNH:9
FNDA:6,(anonymous_0)
FNDA:3,(anonymous_1)
FNDA:5,(anonymous_2)
FNDA:2,(anonymous_3)
FNDA:1,(anonymous_4)
FNDA:1,(anonymous_5)
FNDA:5,(anonymous_6)
FNDA:4,(anonymous_7)
FNDA:6,(anonymous_8)
DA:18,6
DA:19,6
DA:20,6
DA:26,3
DA:32,5
DA:33,5
DA:37,2
DA:41,1
DA:47,1
DA:49,1
DA:50,1
DA:52,1
DA:58,5
DA:60,5
DA:63,5
DA:64,3
DA:65,1
DA:67,5
DA:69,5
DA:75,4
DA:78,6
DA:79,1
DA:83,6
DA:84,5
DA:88,4
DA:89,4
DA:90,4
DA:94,1
DA:101,1
DA:108,1
DA:110,1
DA:111,1
DA:112,1
DA:113,1
DA:115,1
DA:116,1
DA:117,1
DA:118,1
DA:120,1
DA:121,1
DA:124,1
LF:41
LH:41
BRDA:47,0,0,1
BRDA:47,0,1,0
BRDA:58,1,0,5
BRDA:58,1,1,0
BRDA:63,2,0,3
BRDA:63,2,1,2
BRDA:64,3,0,2
BRDA:64,3,1,1
BRDA:78,4,0,1
BRDA:78,4,1,5
BRDA:83,5,0,5
BRDA:83,5,1,1
BRF:12
BRH:10
end_of_record
