<?xml version="1.0" encoding="UTF-8"?>
<coverage generated="1513493698461" clover="3.2.0">
  <project timestamp="1513493698462" name="All files">
    <metrics statements="59" coveredstatements="57" conditionals="0" coveredconditionals="0" methods="24" coveredmethods="23" elements="83" coveredelements="80" complexity="0" loc="59" ncloc="59" packages="2" files="2" classes="2">
      <package name="03_google_places">
        <metrics statements="27" coveredstatements="25" conditionals="0" coveredconditionals="0" methods="12" coveredmethods="11"/>
        <file name="google_places.js" path="/Users/Virginie/Workspace/camp2_exercises/03_backend_developement/10_promises/03_google_places/google_places.js">
          <metrics statements="27" coveredstatements="25" conditionals="0" coveredconditionals="0" methods="12" coveredmethods="11"/>
          <line num="1" count="1" type="stmt"/>
          <line num="2" count="1" type="stmt"/>
          <line num="3" count="1" type="stmt"/>
          <line num="13" count="7" type="stmt"/>
          <line num="20" count="4" type="stmt"/>
          <line num="21" count="4" type="stmt"/>
          <line num="24" count="4" type="stmt"/>
          <line num="28" count="2" type="stmt"/>
          <line num="31" count="2" type="stmt"/>
          <line num="32" count="2" type="stmt"/>
          <line num="37" count="4" type="stmt"/>
          <line num="44" count="4" type="stmt"/>
          <line num="45" count="4" type="stmt"/>
          <line num="48" count="4" type="stmt"/>
          <line num="49" count="2" type="stmt"/>
          <line num="52" count="2" type="stmt"/>
          <line num="53" count="2" type="stmt"/>
          <line num="59" count="5" type="stmt"/>
          <line num="61" count="2" type="stmt"/>
          <line num="64" count="2" type="stmt"/>
          <line num="65" count="2" type="stmt"/>
          <line num="68" count="0" type="stmt"/>
          <line num="69" count="0" type="stmt"/>
          <line num="74" count="1" type="stmt"/>
          <line num="76" count="1" type="stmt"/>
          <line num="78" count="1" type="stmt"/>
          <line num="81" count="1" type="stmt"/>
        </file>
      </package>
      <package name="03_google_places..__tests__">
        <metrics statements="32" coveredstatements="32" conditionals="0" coveredconditionals="0" methods="12" coveredmethods="12"/>
        <file name="google_places.test.js" path="/Users/Virginie/Workspace/camp2_exercises/03_backend_developement/10_promises/03_google_places/.__tests__/google_places.test.js">
          <metrics statements="32" coveredstatements="32" conditionals="0" coveredconditionals="0" methods="12" coveredmethods="12"/>
          <line num="1" count="1" type="stmt"/>
          <line num="2" count="1" type="stmt"/>
          <line num="5" count="1" type="stmt"/>
          <line num="6" count="1" type="stmt"/>
          <line num="7" count="1" type="stmt"/>
          <line num="8" count="1" type="stmt"/>
          <line num="10" count="1" type="stmt"/>
          <line num="11" count="1" type="stmt"/>
          <line num="16" count="1" type="stmt"/>
          <line num="17" count="1" type="stmt"/>
          <line num="18" count="1" type="stmt"/>
          <line num="20" count="1" type="stmt"/>
          <line num="25" count="1" type="stmt"/>
          <line num="26" count="1" type="stmt"/>
          <line num="27" count="1" type="stmt"/>
          <line num="28" count="1" type="stmt"/>
          <line num="30" count="1" type="stmt"/>
          <line num="31" count="1" type="stmt"/>
          <line num="36" count="1" type="stmt"/>
          <line num="37" count="1" type="stmt"/>
          <line num="38" count="1" type="stmt"/>
          <line num="40" count="1" type="stmt"/>
          <line num="45" count="1" type="stmt"/>
          <line num="46" count="1" type="stmt"/>
          <line num="47" count="1" type="stmt"/>
          <line num="48" count="1" type="stmt"/>
          <line num="50" count="1" type="stmt"/>
          <line num="51" count="1" type="stmt"/>
          <line num="55" count="1" type="stmt"/>
          <line num="56" count="1" type="stmt"/>
          <line num="57" count="1" type="stmt"/>
          <line num="59" count="1" type="stmt"/>
        </file>
      </package>
    </metrics>
  </project>
</coverage>
