TN:
SF:/Users/Virginie/Workspace/camp2_exercises/03_backend_developement/10_promises/03_google_places/google_places.js
FN:11,fetchLocationByAdress
FN:19,(anonymous_1)
FN:23,(anonymous_2)
FN:30,(anonymous_3)
FN:36,fetchWeatherByLocation
FN:43,(anonymous_5)
FN:47,(anonymous_6)
FN:51,(anonymous_7)
FN:57,temperatureAt
FN:60,(anonymous_9)
FN:63,(anonymous_10)
FN:67,(anonymous_11)
FNF:12
FNH:11
FNDA:7,fetchLocationByAdress
FNDA:4,(anonymous_1)
FNDA:4,(anonymous_2)
FNDA:2,(anonymous_3)
FNDA:4,fetchWeatherByLocation
FNDA:4,(anonymous_5)
FNDA:4,(anonymous_6)
FNDA:2,(anonymous_7)
FNDA:5,temperatureAt
FNDA:2,(anonymous_9)
FNDA:2,(anonymous_10)
FNDA:0,(anonymous_11)
DA:1,1
DA:2,1
DA:3,1
DA:13,7
DA:20,4
DA:21,4
DA:24,4
DA:28,2
DA:31,2
DA:32,2
DA:37,4
DA:44,4
DA:45,4
DA:48,4
DA:49,2
DA:52,2
DA:53,2
DA:59,5
DA:61,2
DA:64,2
DA:65,2
DA:68,0
DA:69,0
DA:74,1
DA:76,1
DA:78,1
DA:81,1
LF:27
LH:25
BRF:0
BRH:0
end_of_record
TN:
SF:/Users/Virginie/Workspace/camp2_exercises/03_backend_developement/10_promises/03_google_places/.__tests__/google_places.test.js
FN:5,(anonymous_0)
FN:9,(anonymous_1)
FN:16,(anonymous_2)
FN:19,(anonymous_3)
FN:25,(anonymous_4)
FN:29,(anonymous_5)
FN:36,(anonymous_6)
FN:39,(anonymous_7)
FN:45,(anonymous_8)
FN:49,(anonymous_9)
FN:55,(anonymous_10)
FN:58,(anonymous_11)
FNF:12
FNH:12
FNDA:1,(anonymous_0)
FNDA:1,(anonymous_1)
FNDA:1,(anonymous_2)
FNDA:1,(anonymous_3)
FNDA:1,(anonymous_4)
FNDA:1,(anonymous_5)
FNDA:1,(anonymous_6)
FNDA:1,(anonymous_7)
FNDA:1,(anonymous_8)
FNDA:1,(anonymous_9)
FNDA:1,(anonymous_10)
FNDA:1,(anonymous_11)
DA:1,1
DA:2,1
DA:5,1
DA:6,1
DA:7,1
DA:8,1
DA:10,1
DA:11,1
DA:16,1
DA:17,1
DA:18,1
DA:20,1
DA:25,1
DA:26,1
DA:27,1
DA:28,1
DA:30,1
DA:31,1
DA:36,1
DA:37,1
DA:38,1
DA:40,1
DA:45,1
DA:46,1
DA:47,1
DA:48,1
DA:50,1
DA:51,1
DA:55,1
DA:56,1
DA:57,1
DA:59,1
LF:32
LH:32
BRF:0
BRH:0
end_of_record
