{"/Users/Virginie/Workspace/camp2_exercises/03_backend_developement/05_first_API_day_2/01_twitson/twitson.js": {"path":"/Users/Virginie/Workspace/camp2_exercises/03_backend_developement/05_first_API_day_2/01_twitson/twitson.js","statementMap":{"0":{"start":{"line":1,"column":39},"end":{"line":1,"column":109}},"1":{"start":{"line":2,"column":14},"end":{"line":2,"column":30}},"2":{"start":{"line":3,"column":16},"end":{"line":3,"column":34}},"3":{"start":{"line":5,"column":21},"end":{"line":11,"column":1}},"4":{"start":{"line":13,"column":23},"end":{"line":13,"column":50}},"5":{"start":{"line":14,"column":23},"end":{"line":14,"column":50}},"6":{"start":{"line":15,"column":19},"end":{"line":15,"column":98}},"7":{"start":{"line":16,"column":18},"end":{"line":16,"column":40}},"8":{"start":{"line":17,"column":0},"end":{"line":17,"column":23}},"9":{"start":{"line":23,"column":21},"end":{"line":23,"column":105}},"10":{"start":{"line":24,"column":2},"end":{"line":24,"column":71}},"11":{"start":{"line":25,"column":2},"end":{"line":30,"column":4}},"12":{"start":{"line":34,"column":2},"end":{"line":41,"column":3}},"13":{"start":{"line":35,"column":4},"end":{"line":35,"column":23}},"14":{"start":{"line":37,"column":22},"end":{"line":37,"column":38}},"15":{"start":{"line":38,"column":24},"end":{"line":38,"column":61}},"16":{"start":{"line":39,"column":4},"end":{"line":39,"column":79}},"17":{"start":{"line":40,"column":4},"end":{"line":40,"column":43}},"18":{"start":{"line":46,"column":28},"end":{"line":46,"column":73}},"19":{"start":{"line":46,"column":53},"end":{"line":46,"column":63}},"20":{"start":{"line":47,"column":2},"end":{"line":47,"column":27}},"21":{"start":{"line":53,"column":14},"end":{"line":53,"column":101}},"22":{"start":{"line":54,"column":2},"end":{"line":60,"column":4}},"23":{"start":{"line":65,"column":2},"end":{"line":76,"column":3}},"24":{"start":{"line":66,"column":4},"end":{"line":66,"column":33}},"25":{"start":{"line":68,"column":25},"end":{"line":68,"column":43}},"26":{"start":{"line":69,"column":19},"end":{"line":73,"column":97}},"27":{"start":{"line":74,"column":4},"end":{"line":74,"column":24}},"28":{"start":{"line":75,"column":4},"end":{"line":75,"column":18}},"29":{"start":{"line":79,"column":0},"end":{"line":79,"column":27}},"30":{"start":{"line":81,"column":0},"end":{"line":90,"column":2}}},"fnMap":{"0":{"name":"fetchTweetsFromUser","decl":{"start":{"line":21,"column":9},"end":{"line":21,"column":28}},"loc":{"start":{"line":21,"column":42},"end":{"line":31,"column":1}},"line":21},"1":{"name":"processTwitterAPIResult","decl":{"start":{"line":33,"column":9},"end":{"line":33,"column":32}},"loc":{"start":{"line":33,"column":46},"end":{"line":42,"column":1}},"line":33},"2":{"name":"convertTweetsInOneString","decl":{"start":{"line":45,"column":9},"end":{"line":45,"column":33}},"loc":{"start":{"line":45,"column":47},"end":{"line":48,"column":1}},"line":45},"3":{"name":"(anonymous_3)","decl":{"start":{"line":46,"column":44},"end":{"line":46,"column":45}},"loc":{"start":{"line":46,"column":53},"end":{"line":46,"column":63}},"line":46},"4":{"name":"fetchSentimentsForString","decl":{"start":{"line":51,"column":9},"end":{"line":51,"column":33}},"loc":{"start":{"line":51,"column":42},"end":{"line":61,"column":1}},"line":51},"5":{"name":"processWatsonAPIResult","decl":{"start":{"line":64,"column":9},"end":{"line":64,"column":31}},"loc":{"start":{"line":64,"column":57},"end":{"line":77,"column":1}},"line":64}},"branchMap":{"0":{"loc":{"start":{"line":34,"column":2},"end":{"line":41,"column":3}},"type":"if","locations":[{"start":{"line":34,"column":2},"end":{"line":41,"column":3}},{"start":{"line":34,"column":2},"end":{"line":41,"column":3}}],"line":34},"1":{"loc":{"start":{"line":65,"column":2},"end":{"line":76,"column":3}},"type":"if","locations":[{"start":{"line":65,"column":2},"end":{"line":76,"column":3}},{"start":{"line":65,"column":2},"end":{"line":76,"column":3}}],"line":65}},"s":{"0":1,"1":1,"2":1,"3":1,"4":1,"5":1,"6":1,"7":1,"8":1,"9":2,"10":2,"11":2,"12":0,"13":0,"14":0,"15":0,"16":0,"17":0,"18":1,"19":2,"20":1,"21":1,"22":1,"23":1,"24":0,"25":1,"26":1,"27":1,"28":1,"29":1,"30":1},"f":{"0":2,"1":0,"2":1,"3":2,"4":1,"5":1},"b":{"0":[0,0],"1":[0,1]},"_coverageSchema":"332fd63041d2c1bcb487cc26dd0d5f7d97098a6c","hash":"c5ec0f4d35cec41af68f5f947f57acc66ddf3249"}
,"/Users/Virginie/Workspace/camp2_exercises/03_backend_developement/05_first_API_day_2/01_twitson/.__tests__/twitson.test.js": {"path":"/Users/Virginie/Workspace/camp2_exercises/03_backend_developement/05_first_API_day_2/01_twitson/.__tests__/twitson.test.js","statementMap":{"0":{"start":{"line":1,"column":16},"end":{"line":1,"column":37}},"1":{"start":{"line":3,"column":16},"end":{"line":135,"column":17}},"2":{"start":{"line":137,"column":21},"end":{"line":137,"column":56}},"3":{"start":{"line":139,"column":23},"end":{"line":157,"column":2}},"4":{"start":{"line":159,"column":21},"end":{"line":159,"column":96}},"5":{"start":{"line":162,"column":0},"end":{"line":165,"column":3}},"6":{"start":{"line":163,"column":17},"end":{"line":163,"column":60}},"7":{"start":{"line":164,"column":2},"end":{"line":164,"column":36}},"8":{"start":{"line":167,"column":0},"end":{"line":179,"column":3}},"9":{"start":{"line":168,"column":17},"end":{"line":168,"column":77}},"10":{"start":{"line":170,"column":2},"end":{"line":170,"column":37}},"11":{"start":{"line":172,"column":2},"end":{"line":172,"column":42}},"12":{"start":{"line":173,"column":2},"end":{"line":177,"column":37}},"13":{"start":{"line":178,"column":2},"end":{"line":178,"column":22}},"14":{"start":{"line":181,"column":0},"end":{"line":186,"column":3}},"15":{"start":{"line":182,"column":17},"end":{"line":182,"column":72}},"16":{"start":{"line":183,"column":2},"end":{"line":183,"column":65}},"17":{"start":{"line":184,"column":2},"end":{"line":184,"column":42}},"18":{"start":{"line":185,"column":2},"end":{"line":185,"column":22}},"19":{"start":{"line":189,"column":0},"end":{"line":192,"column":3}},"20":{"start":{"line":190,"column":17},"end":{"line":190,"column":73}},"21":{"start":{"line":191,"column":2},"end":{"line":191,"column":36}}},"fnMap":{"0":{"name":"(anonymous_0)","decl":{"start":{"line":162,"column":59},"end":{"line":162,"column":60}},"loc":{"start":{"line":162,"column":70},"end":{"line":165,"column":1}},"line":162},"1":{"name":"(anonymous_1)","decl":{"start":{"line":167,"column":48},"end":{"line":167,"column":49}},"loc":{"start":{"line":167,"column":54},"end":{"line":179,"column":1}},"line":167},"2":{"name":"(anonymous_2)","decl":{"start":{"line":181,"column":47},"end":{"line":181,"column":48}},"loc":{"start":{"line":181,"column":53},"end":{"line":186,"column":1}},"line":181},"3":{"name":"(anonymous_3)","decl":{"start":{"line":189,"column":45},"end":{"line":189,"column":46}},"loc":{"start":{"line":189,"column":56},"end":{"line":192,"column":1}},"line":189}},"branchMap":{},"s":{"0":1,"1":1,"2":1,"3":1,"4":1,"5":1,"6":1,"7":1,"8":1,"9":1,"10":1,"11":1,"12":1,"13":1,"14":1,"15":1,"16":1,"17":1,"18":1,"19":1,"20":1,"21":1},"f":{"0":1,"1":1,"2":1,"3":1},"b":{},"_coverageSchema":"332fd63041d2c1bcb487cc26dd0d5f7d97098a6c","hash":"7e4627854019fd3da130edb5f8200f71964bfc84"}
}
