TN:
SF:/Users/Virginie/Workspace/camp2_exercises/03_backend_developement/05_first_API_day_2/01_twitson/twitson.js
FN:21,fetchTweetsFromUser
FN:33,processTwitterAPIResult
FN:45,convertTweetsInOneString
FN:46,(anonymous_3)
FN:51,fetchSentimentsForString
FN:64,processWatsonAPIResult
FNF:6
FNH:5
FNDA:2,fetchTweetsFromUser
FNDA:0,processTwitterAPIResult
FNDA:1,convertTweetsInOneString
FNDA:2,(anonymous_3)
FNDA:1,fetchSentimentsForString
FNDA:1,processWatsonAPIResult
DA:1,1
DA:2,1
DA:3,1
DA:5,1
DA:13,1
DA:14,1
DA:15,1
DA:16,1
DA:17,1
DA:23,2
DA:24,2
DA:25,2
DA:34,0
DA:35,0
DA:37,0
DA:38,0
DA:39,0
DA:40,0
DA:46,2
DA:47,1
DA:53,1
DA:54,1
DA:65,1
DA:66,0
DA:68,1
DA:69,1
DA:74,1
DA:75,1
DA:79,1
DA:81,1
LF:30
LH:23
BRDA:34,0,0,0
BRDA:34,0,1,0
BRDA:65,1,0,0
BRDA:65,1,1,1
BRF:4
BRH:1
end_of_record
TN:
SF:/Users/Virginie/Workspace/camp2_exercises/03_backend_developement/05_first_API_day_2/01_twitson/.__tests__/twitson.test.js
FN:162,(anonymous_0)
FN:167,(anonymous_1)
FN:181,(anonymous_2)
FN:189,(anonymous_3)
FNF:4
FNH:4
FNDA:1,(anonymous_0)
FNDA:1,(anonymous_1)
FNDA:1,(anonymous_2)
FNDA:1,(anonymous_3)
DA:1,1
DA:3,1
DA:137,1
DA:139,1
DA:159,1
DA:162,1
DA:163,1
DA:164,1
DA:167,1
DA:168,1
DA:170,1
DA:172,1
DA:173,1
DA:178,1
DA:181,1
DA:182,1
DA:183,1
DA:184,1
DA:185,1
DA:189,1
DA:190,1
DA:191,1
LF:22
LH:22
BRF:0
BRH:0
end_of_record
