{"/Users/Virginie/Workspace/camp2_exercises/03_backend_developement/10_promises/02_open_weather/open_weather.js": {"path":"/Users/Virginie/Workspace/camp2_exercises/03_backend_developement/10_promises/02_open_weather/open_weather.js","statementMap":{"0":{"start":{"line":1,"column":14},"end":{"line":1,"column":35}},"1":{"start":{"line":2,"column":16},"end":{"line":2,"column":47}},"2":{"start":{"line":6,"column":2},"end":{"line":24,"column":7}},"3":{"start":{"line":13,"column":20},"end":{"line":13,"column":33}},"4":{"start":{"line":14,"column":6},"end":{"line":14,"column":21}},"5":{"start":{"line":17,"column":26},"end":{"line":17,"column":51}},"6":{"start":{"line":18,"column":6},"end":{"line":18,"column":69}},"7":{"start":{"line":19,"column":6},"end":{"line":19,"column":25}},"8":{"start":{"line":22,"column":6},"end":{"line":22,"column":26}},"9":{"start":{"line":23,"column":6},"end":{"line":23,"column":19}},"10":{"start":{"line":34,"column":2},"end":{"line":54,"column":7}},"11":{"start":{"line":41,"column":20},"end":{"line":41,"column":33}},"12":{"start":{"line":42,"column":6},"end":{"line":42,"column":21}},"13":{"start":{"line":45,"column":6},"end":{"line":45,"column":88}},"14":{"start":{"line":45,"column":42},"end":{"line":45,"column":86}},"15":{"start":{"line":48,"column":6},"end":{"line":48,"column":31}},"16":{"start":{"line":49,"column":6},"end":{"line":49,"column":25}},"17":{"start":{"line":52,"column":6},"end":{"line":52,"column":26}},"18":{"start":{"line":53,"column":6},"end":{"line":53,"column":19}},"19":{"start":{"line":60,"column":2},"end":{"line":69,"column":4}},"20":{"start":{"line":73,"column":15},"end":{"line":73,"column":41}},"21":{"start":{"line":74,"column":22},"end":{"line":74,"column":158}},"22":{"start":{"line":75,"column":2},"end":{"line":75,"column":23}},"23":{"start":{"line":79,"column":2},"end":{"line":83,"column":3}},"24":{"start":{"line":80,"column":4},"end":{"line":80,"column":25}},"25":{"start":{"line":82,"column":4},"end":{"line":82,"column":19}},"26":{"start":{"line":87,"column":2},"end":{"line":91,"column":3}},"27":{"start":{"line":88,"column":4},"end":{"line":88,"column":23}},"28":{"start":{"line":90,"column":4},"end":{"line":90,"column":17}},"29":{"start":{"line":93,"column":0},"end":{"line":98,"column":2}}},"fnMap":{"0":{"name":"weatherByCityName","decl":{"start":{"line":5,"column":9},"end":{"line":5,"column":26}},"loc":{"start":{"line":5,"column":33},"end":{"line":25,"column":1}},"line":5},"1":{"name":"(anonymous_1)","decl":{"start":{"line":12,"column":10},"end":{"line":12,"column":11}},"loc":{"start":{"line":12,"column":22},"end":{"line":15,"column":5}},"line":12},"2":{"name":"(anonymous_2)","decl":{"start":{"line":16,"column":10},"end":{"line":16,"column":11}},"loc":{"start":{"line":16,"column":23},"end":{"line":20,"column":5}},"line":16},"3":{"name":"(anonymous_3)","decl":{"start":{"line":21,"column":11},"end":{"line":21,"column":12}},"loc":{"start":{"line":21,"column":22},"end":{"line":24,"column":5}},"line":21},"4":{"name":"weatherByLatitudeAndLongitude","decl":{"start":{"line":33,"column":9},"end":{"line":33,"column":38}},"loc":{"start":{"line":33,"column":60},"end":{"line":55,"column":1}},"line":33},"5":{"name":"(anonymous_5)","decl":{"start":{"line":40,"column":10},"end":{"line":40,"column":11}},"loc":{"start":{"line":40,"column":22},"end":{"line":43,"column":5}},"line":40},"6":{"name":"(anonymous_6)","decl":{"start":{"line":44,"column":10},"end":{"line":44,"column":11}},"loc":{"start":{"line":44,"column":23},"end":{"line":46,"column":5}},"line":44},"7":{"name":"(anonymous_7)","decl":{"start":{"line":45,"column":30},"end":{"line":45,"column":31}},"loc":{"start":{"line":45,"column":42},"end":{"line":45,"column":86}},"line":45},"8":{"name":"(anonymous_8)","decl":{"start":{"line":47,"column":10},"end":{"line":47,"column":11}},"loc":{"start":{"line":47,"column":27},"end":{"line":50,"column":5}},"line":47},"9":{"name":"(anonymous_9)","decl":{"start":{"line":51,"column":11},"end":{"line":51,"column":12}},"loc":{"start":{"line":51,"column":22},"end":{"line":54,"column":5}},"line":51},"10":{"name":"reformatForecast","decl":{"start":{"line":59,"column":9},"end":{"line":59,"column":25}},"loc":{"start":{"line":59,"column":41},"end":{"line":70,"column":1}},"line":59},"11":{"name":"timestampToDate","decl":{"start":{"line":72,"column":9},"end":{"line":72,"column":24}},"loc":{"start":{"line":72,"column":36},"end":{"line":76,"column":1}},"line":72},"12":{"name":"getFullMinutes","decl":{"start":{"line":78,"column":9},"end":{"line":78,"column":23}},"loc":{"start":{"line":78,"column":33},"end":{"line":84,"column":1}},"line":78},"13":{"name":"getFullHours","decl":{"start":{"line":86,"column":9},"end":{"line":86,"column":21}},"loc":{"start":{"line":86,"column":29},"end":{"line":92,"column":1}},"line":86}},"branchMap":{"0":{"loc":{"start":{"line":79,"column":2},"end":{"line":83,"column":3}},"type":"if","locations":[{"start":{"line":79,"column":2},"end":{"line":83,"column":3}},{"start":{"line":79,"column":2},"end":{"line":83,"column":3}}],"line":79},"1":{"loc":{"start":{"line":87,"column":2},"end":{"line":91,"column":3}},"type":"if","locations":[{"start":{"line":87,"column":2},"end":{"line":91,"column":3}},{"start":{"line":87,"column":2},"end":{"line":91,"column":3}}],"line":87}},"s":{"0":1,"1":1,"2":2,"3":2,"4":2,"5":2,"6":1,"7":1,"8":1,"9":1,"10":2,"11":2,"12":2,"13":2,"14":40,"15":1,"16":1,"17":1,"18":1,"19":40,"20":42,"21":42,"22":42,"23":42,"24":41,"25":1,"26":42,"27":16,"28":26,"29":1},"f":{"0":2,"1":2,"2":2,"3":1,"4":2,"5":2,"6":2,"7":40,"8":1,"9":1,"10":40,"11":42,"12":42,"13":42},"b":{"0":[41,1],"1":[16,26]},"_coverageSchema":"332fd63041d2c1bcb487cc26dd0d5f7d97098a6c","hash":"954ae46de81e52774cd2f6d34d6c0e103183eb8f"}
,"/Users/Virginie/Workspace/camp2_exercises/03_backend_developement/10_promises/02_open_weather/.__tests__/open_weather.test.js": {"path":"/Users/Virginie/Workspace/camp2_exercises/03_backend_developement/10_promises/02_open_weather/.__tests__/open_weather.test.js","statementMap":{"0":{"start":{"line":1,"column":21},"end":{"line":1,"column":47}},"1":{"start":{"line":2,"column":0},"end":{"line":2,"column":17}},"2":{"start":{"line":9,"column":0},"end":{"line":17,"column":3}},"3":{"start":{"line":10,"column":2},"end":{"line":10,"column":23}},"4":{"start":{"line":11,"column":15},"end":{"line":11,"column":23}},"5":{"start":{"line":12,"column":2},"end":{"line":16,"column":7}},"6":{"start":{"line":14,"column":6},"end":{"line":14,"column":45}},"7":{"start":{"line":15,"column":6},"end":{"line":15,"column":13}},"8":{"start":{"line":20,"column":0},"end":{"line":26,"column":3}},"9":{"start":{"line":21,"column":15},"end":{"line":21,"column":27}},"10":{"start":{"line":22,"column":2},"end":{"line":25,"column":7}},"11":{"start":{"line":24,"column":6},"end":{"line":24,"column":46}},"12":{"start":{"line":29,"column":0},"end":{"line":36,"column":3}},"13":{"start":{"line":30,"column":2},"end":{"line":30,"column":23}},"14":{"start":{"line":31,"column":2},"end":{"line":35,"column":7}},"15":{"start":{"line":33,"column":6},"end":{"line":33,"column":53}},"16":{"start":{"line":34,"column":6},"end":{"line":34,"column":13}},"17":{"start":{"line":38,"column":0},"end":{"line":45,"column":3}},"18":{"start":{"line":39,"column":2},"end":{"line":39,"column":23}},"19":{"start":{"line":40,"column":2},"end":{"line":44,"column":7}},"20":{"start":{"line":42,"column":6},"end":{"line":42,"column":46}},"21":{"start":{"line":43,"column":6},"end":{"line":43,"column":13}},"22":{"start":{"line":47,"column":0},"end":{"line":52,"column":3}},"23":{"start":{"line":48,"column":2},"end":{"line":48,"column":23}},"24":{"start":{"line":49,"column":24},"end":{"line":49,"column":64}},"25":{"start":{"line":50,"column":2},"end":{"line":50,"column":54}},"26":{"start":{"line":51,"column":2},"end":{"line":51,"column":9}},"27":{"start":{"line":56,"column":0},"end":{"line":61,"column":3}},"28":{"start":{"line":57,"column":2},"end":{"line":57,"column":23}},"29":{"start":{"line":58,"column":24},"end":{"line":58,"column":64}},"30":{"start":{"line":59,"column":2},"end":{"line":59,"column":52}},"31":{"start":{"line":60,"column":2},"end":{"line":60,"column":9}}},"fnMap":{"0":{"name":"(anonymous_0)","decl":{"start":{"line":9,"column":49},"end":{"line":9,"column":50}},"loc":{"start":{"line":9,"column":59},"end":{"line":17,"column":1}},"line":9},"1":{"name":"(anonymous_1)","decl":{"start":{"line":13,"column":11},"end":{"line":13,"column":12}},"loc":{"start":{"line":13,"column":26},"end":{"line":16,"column":5}},"line":13},"2":{"name":"(anonymous_2)","decl":{"start":{"line":20,"column":69},"end":{"line":20,"column":70}},"loc":{"start":{"line":20,"column":75},"end":{"line":26,"column":1}},"line":20},"3":{"name":"(anonymous_3)","decl":{"start":{"line":23,"column":11},"end":{"line":23,"column":12}},"loc":{"start":{"line":23,"column":20},"end":{"line":25,"column":5}},"line":23},"4":{"name":"(anonymous_4)","decl":{"start":{"line":29,"column":77},"end":{"line":29,"column":78}},"loc":{"start":{"line":29,"column":87},"end":{"line":36,"column":1}},"line":29},"5":{"name":"(anonymous_5)","decl":{"start":{"line":32,"column":11},"end":{"line":32,"column":12}},"loc":{"start":{"line":32,"column":26},"end":{"line":35,"column":5}},"line":32},"6":{"name":"(anonymous_6)","decl":{"start":{"line":38,"column":62},"end":{"line":38,"column":63}},"loc":{"start":{"line":38,"column":72},"end":{"line":45,"column":1}},"line":38},"7":{"name":"(anonymous_7)","decl":{"start":{"line":41,"column":11},"end":{"line":41,"column":12}},"loc":{"start":{"line":41,"column":20},"end":{"line":44,"column":5}},"line":41},"8":{"name":"(anonymous_8)","decl":{"start":{"line":47,"column":40},"end":{"line":47,"column":41}},"loc":{"start":{"line":47,"column":50},"end":{"line":52,"column":1}},"line":47},"9":{"name":"(anonymous_9)","decl":{"start":{"line":56,"column":40},"end":{"line":56,"column":41}},"loc":{"start":{"line":56,"column":50},"end":{"line":61,"column":1}},"line":56}},"branchMap":{},"s":{"0":1,"1":1,"2":1,"3":1,"4":1,"5":1,"6":1,"7":1,"8":1,"9":1,"10":1,"11":1,"12":1,"13":1,"14":1,"15":1,"16":1,"17":1,"18":1,"19":1,"20":1,"21":1,"22":1,"23":1,"24":1,"25":1,"26":1,"27":1,"28":1,"29":1,"30":1,"31":1},"f":{"0":1,"1":1,"2":1,"3":1,"4":1,"5":1,"6":1,"7":1,"8":1,"9":1},"b":{},"_coverageSchema":"332fd63041d2c1bcb487cc26dd0d5f7d97098a6c","hash":"8a078f7040643e2ab4012676ed020f27eba53583"}
}
