TN:
SF:/Users/Virginie/Workspace/camp2_exercises/03_backend_developement/10_promises/02_open_weather/open_weather.js
FN:7,weatherByCityName
FN:14,(anonymous_1)
FN:18,(anonymous_2)
FN:23,(anonymous_3)
FNF:4
FNH:3
FNDA:4,weatherByCityName
FNDA:1,(anonymous_1)
FNDA:1,(anonymous_2)
FNDA:0,(anonymous_3)
DA:3,1
DA:4,1
DA:8,4
DA:15,1
DA:16,1
DA:19,1
DA:20,1
DA:21,1
DA:24,0
DA:25,0
DA:29,1
DA:30,1
DA:31,1
DA:33,1
LF:14
LH:12
BRF:0
BRH:0
end_of_record
TN:
SF:/Users/Virginie/Workspace/camp2_exercises/03_backend_developement/10_promises/02_open_weather/.__tests__/open_weather.test.js
FN:10,(anonymous_0)
FN:14,(anonymous_1)
FNF:2
FNH:2
FNDA:1,(anonymous_0)
FNDA:1,(anonymous_1)
DA:1,1
DA:2,1
DA:3,1
DA:10,1
DA:11,1
DA:12,1
DA:13,1
DA:15,1
DA:16,1
LF:9
LH:9
BRF:0
BRH:0
end_of_record
