TN:
SF:/Users/Virginie/Workspace/camp2_exercises/03_backend_developement/10_promises/02_open_weather/open_weather.js
FN:5,weatherByCityName
FN:12,(anonymous_1)
FN:16,(anonymous_2)
FN:21,(anonymous_3)
FN:33,weatherByLatitudeAndLongitude
FN:40,(anonymous_5)
FN:44,(anonymous_6)
FN:45,(anonymous_7)
FN:47,(anonymous_8)
FN:51,(anonymous_9)
FN:59,reformatForecast
FN:72,timestampToDate
FN:78,getFullMinutes
FN:86,getFullHours
FNF:14
FNH:14
FNDA:2,weatherByCityName
FNDA:2,(anonymous_1)
FNDA:2,(anonymous_2)
FNDA:1,(anonymous_3)
FNDA:2,weatherByLatitudeAndLongitude
FNDA:2,(anonymous_5)
FNDA:2,(anonymous_6)
FNDA:40,(anonymous_7)
FNDA:1,(anonymous_8)
FNDA:1,(anonymous_9)
FNDA:40,reformatForecast
FNDA:42,timestampToDate
FNDA:42,getFullMinutes
FNDA:42,getFullHours
DA:1,1
DA:2,1
DA:6,2
DA:13,2
DA:14,2
DA:17,2
DA:18,1
DA:19,1
DA:22,1
DA:23,1
DA:34,2
DA:41,2
DA:42,2
DA:45,40
DA:48,1
DA:49,1
DA:52,1
DA:53,1
DA:60,40
DA:73,42
DA:74,42
DA:75,42
DA:79,42
DA:80,41
DA:82,1
DA:87,42
DA:88,16
DA:90,26
DA:93,1
LF:29
LH:29
BRDA:79,0,0,41
BRDA:79,0,1,1
BRDA:87,1,0,16
BRDA:87,1,1,26
BRF:4
BRH:4
end_of_record
TN:
SF:/Users/Virginie/Workspace/camp2_exercises/03_backend_developement/10_promises/02_open_weather/.__tests__/open_weather.test.js
FN:9,(anonymous_0)
FN:13,(anonymous_1)
FN:20,(anonymous_2)
FN:23,(anonymous_3)
FN:29,(anonymous_4)
FN:32,(anonymous_5)
FN:38,(anonymous_6)
FN:41,(anonymous_7)
FN:47,(anonymous_8)
FN:56,(anonymous_9)
FNF:10
FNH:10
FNDA:1,(anonymous_0)
FNDA:1,(anonymous_1)
FNDA:1,(anonymous_2)
FNDA:1,(anonymous_3)
FNDA:1,(anonymous_4)
FNDA:1,(anonymous_5)
FNDA:1,(anonymous_6)
FNDA:1,(anonymous_7)
FNDA:1,(anonymous_8)
FNDA:1,(anonymous_9)
DA:1,1
DA:2,1
DA:9,1
DA:10,1
DA:11,1
DA:12,1
DA:14,1
DA:15,1
DA:20,1
DA:21,1
DA:22,1
DA:24,1
DA:29,1
DA:30,1
DA:31,1
DA:33,1
DA:34,1
DA:38,1
DA:39,1
DA:40,1
DA:42,1
DA:43,1
DA:47,1
DA:48,1
DA:49,1
DA:50,1
DA:51,1
DA:56,1
DA:57,1
DA:58,1
DA:59,1
DA:60,1
LF:32
LH:32
BRF:0
BRH:0
end_of_record
